TN:
SF:src/core/HttpClient.ts
FN:18,(anonymous_1)
FN:32,(anonymous_2)
FN:38,(anonymous_3)
FN:45,(anonymous_4)
FN:49,(anonymous_5)
FN:57,(anonymous_6)
FN:58,(anonymous_7)
FN:61,(anonymous_8)
FN:62,(anonymous_9)
FN:65,(anonymous_10)
FN:66,(anonymous_11)
FN:69,(anonymous_12)
FN:70,(anonymous_13)
FN:73,(anonymous_14)
FN:74,(anonymous_15)
FN:77,(anonymous_16)
FN:78,(anonymous_17)
FN:81,(anonymous_18)
FN:82,(anonymous_19)
FN:85,(anonymous_20)
FN:86,(anonymous_21)
FN:90,(anonymous_22)
FN:114,(anonymous_23)
FN:115,(anonymous_24)
FN:119,(anonymous_25)
FN:123,(anonymous_26)
FN:128,(anonymous_27)
FN:132,(anonymous_28)
FN:136,(anonymous_29)
FN:141,(anonymous_30)
FNF:30
FNH:14
FNDA:18,(anonymous_1)
FNDA:8,(anonymous_2)
FNDA:0,(anonymous_3)
FNDA:5,(anonymous_4)
FNDA:3,(anonymous_5)
FNDA:0,(anonymous_6)
FNDA:0,(anonymous_7)
FNDA:7,(anonymous_8)
FNDA:7,(anonymous_9)
FNDA:1,(anonymous_10)
FNDA:1,(anonymous_11)
FNDA:0,(anonymous_12)
FNDA:0,(anonymous_13)
FNDA:0,(anonymous_14)
FNDA:0,(anonymous_15)
FNDA:0,(anonymous_16)
FNDA:0,(anonymous_17)
FNDA:0,(anonymous_18)
FNDA:0,(anonymous_19)
FNDA:0,(anonymous_20)
FNDA:0,(anonymous_21)
FNDA:8,(anonymous_22)
FNDA:0,(anonymous_23)
FNDA:0,(anonymous_24)
FNDA:5,(anonymous_25)
FNDA:5,(anonymous_26)
FNDA:5,(anonymous_27)
FNDA:1,(anonymous_28)
FNDA:2,(anonymous_29)
FNDA:0,(anonymous_30)
DA:1,2
DA:9,2
DA:10,2
DA:12,2
DA:19,18
DA:22,18
DA:25,18
DA:28,18
DA:31,18
DA:33,8
DA:34,0
DA:36,8
DA:39,0
DA:44,18
DA:46,5
DA:47,5
DA:50,3
DA:51,3
DA:58,0
DA:62,7
DA:66,1
DA:70,0
DA:74,0
DA:78,0
DA:82,0
DA:86,0
DA:93,8
DA:94,8
DA:95,8
DA:96,5
DA:98,3
DA:100,3
DA:101,3
DA:104,0
DA:105,0
DA:106,0
DA:111,3
DA:115,0
DA:120,5
DA:124,5
DA:129,5
DA:133,1
DA:137,2
DA:142,0
LF:44
LH:31
BRDA:18,0,0,1
BRDA:33,1,0,0
BRDA:100,2,0,3
BRDA:104,3,0,0
BRF:4
BRH:2
end_of_record
TN:
SF:src/strategies/CircuitBreakerStrategy.ts
FN:3,(anonymous_0)
FN:16,(anonymous_1)
FN:26,(anonymous_2)
FN:30,(anonymous_3)
FN:35,(anonymous_4)
FN:42,(anonymous_5)
FN:51,(anonymous_6)
FN:61,(anonymous_7)
FN:66,(anonymous_8)
FN:70,(anonymous_9)
FN:74,(anonymous_10)
FN:78,(anonymous_11)
FNF:12
FNH:8
FNDA:2,(anonymous_0)
FNDA:18,(anonymous_1)
FNDA:0,(anonymous_2)
FNDA:8,(anonymous_3)
FNDA:5,(anonymous_4)
FNDA:3,(anonymous_5)
FNDA:8,(anonymous_6)
FNDA:0,(anonymous_7)
FNDA:5,(anonymous_8)
FNDA:0,(anonymous_9)
FNDA:0,(anonymous_10)
FNDA:1,(anonymous_11)
DA:3,2
DA:4,2
DA:5,2
DA:6,2
DA:9,2
DA:11,18
DA:12,18
DA:13,18
DA:14,18
DA:17,18
DA:27,0
DA:31,8
DA:32,8
DA:36,5
DA:37,5
DA:38,0
DA:43,3
DA:44,3
DA:46,3
DA:47,0
DA:52,8
DA:54,8
DA:55,0
DA:56,0
DA:62,0
DA:63,0
DA:67,5
DA:71,0
DA:75,0
DA:79,1
DA:80,1
DA:81,1
DA:82,1
LF:33
LH:24
BRDA:3,0,0,2
BRDA:3,0,1,2
BRDA:16,1,0,10
BRDA:37,2,0,0
BRDA:46,3,0,0
BRDA:54,4,0,0
BRDA:55,5,0,0
BRF:7
BRH:3
end_of_record
TN:
SF:src/strategies/RetryStrategy.ts
FN:6,(anonymous_0)
FN:17,(anonymous_1)
FN:40,(anonymous_2)
FN:44,(anonymous_3)
FNF:4
FNH:3
FNDA:18,(anonymous_0)
FNDA:3,(anonymous_1)
FNDA:0,(anonymous_2)
FNDA:10,(anonymous_3)
DA:3,2
DA:7,18
DA:18,3
DA:19,0
DA:23,3
DA:24,0
DA:28,3
DA:29,0
DA:33,3
DA:34,0
DA:37,3
DA:41,0
DA:45,10
LF:13
LH:8
BRDA:6,0,0,10
BRDA:18,1,0,0
BRDA:23,2,0,0
BRDA:23,3,0,3
BRDA:23,3,1,3
BRDA:28,4,0,0
BRDA:28,5,0,3
BRDA:28,5,1,3
BRDA:33,6,0,0
BRDA:33,7,0,3
BRDA:33,7,1,3
BRF:11
BRH:7
end_of_record
TN:
SF:src/utils/HttpUtils.ts
FN:7,(anonymous_0)
FN:19,(anonymous_1)
FN:26,(anonymous_2)
FN:38,(anonymous_3)
FN:51,(anonymous_4)
FN:69,(anonymous_5)
FN:91,(anonymous_6)
FN:94,(anonymous_7)
FN:106,(anonymous_8)
FN:128,(anonymous_9)
FN:135,(anonymous_10)
FNF:11
FNH:0
FNDA:0,(anonymous_0)
FNDA:0,(anonymous_1)
FNDA:0,(anonymous_2)
FNDA:0,(anonymous_3)
FNDA:0,(anonymous_4)
FNDA:0,(anonymous_5)
FNDA:0,(anonymous_6)
FNDA:0,(anonymous_7)
FNDA:0,(anonymous_8)
FNDA:0,(anonymous_9)
FNDA:0,(anonymous_10)
DA:3,2
DA:8,0
DA:10,0
DA:11,0
DA:13,0
DA:20,0
DA:21,0
DA:24,0
DA:26,0
DA:27,0
DA:28,0
DA:32,0
DA:39,0
DA:52,0
DA:53,0
DA:56,0
DA:57,0
DA:60,0
DA:61,0
DA:62,0
DA:70,0
DA:71,0
DA:72,0
DA:73,0
DA:74,0
DA:76,0
DA:77,0
DA:78,0
DA:79,0
DA:80,0
DA:85,0
DA:92,0
DA:94,0
DA:95,0
DA:96,0
DA:100,0
DA:108,0
DA:109,0
DA:113,0
DA:114,0
DA:118,0
DA:119,0
DA:122,0
DA:129,0
DA:136,0
DA:137,0
LF:46
LH:1
BRDA:8,0,0,0
BRDA:10,1,0,0
BRDA:10,1,1,0
BRDA:11,2,0,0
BRDA:11,2,1,0
BRDA:20,3,0,0
BRDA:20,4,0,0
BRDA:20,4,1,0
BRDA:27,5,0,0
BRDA:27,6,0,0
BRDA:27,6,1,0
BRDA:43,7,0,0
BRDA:43,7,1,0
BRDA:52,8,0,0
BRDA:56,9,0,0
BRDA:61,10,0,0
BRDA:70,11,0,0
BRDA:72,12,0,0
BRDA:76,13,0,0
BRDA:76,13,1,0
BRDA:76,13,2,0
BRDA:76,13,3,0
BRDA:85,14,0,0
BRDA:85,14,1,0
BRDA:91,15,0,0
BRDA:95,16,0,0
BRDA:95,17,0,0
BRDA:95,17,1,0
BRDA:108,18,0,0
BRDA:108,19,0,0
BRDA:108,19,1,0
BRDA:113,20,0,0
BRDA:113,21,0,0
BRDA:113,21,1,0
BRDA:118,22,0,0
BRDA:118,23,0,0
BRDA:118,23,1,0
BRDA:135,24,0,0
BRF:38
BRH:0
end_of_record
